<?xml version="1.0" encoding="UTF-8"?>
<!-- Generated by org.testng.reporters.JUnitReportReporter -->
<testsuite skipped="0" hostname="LAPTOP-PHQCGIDH" name="com.qa.tests.HomePageTest" tests="1" failures="0" timestamp="2021-06-27T17:02:49 IST" time="12.875" errors="0">
  <testcase name="validateHomePageTitleTest" time="12.875" classname="com.qa.tests.HomePageTest"/>
  <system-out/>
</testsuite> <!-- com.qa.tests.HomePageTest -->
