<?xml version="1.0" encoding="UTF-8"?>
<!-- Generated by org.testng.reporters.JUnitReportReporter -->
<testsuite skipped="0" hostname="LAPTOP-PHQCGIDH" name="com.qa.tests.OrderTest" tests="4" failures="0" timestamp="2021-06-24T19:14:41 IST" time="0.014" errors="0">
  <testcase name="DDWorld" time="0.010" classname="com.qa.tests.OrderTest"/>
  <system-out/>
  <testcase name="BBWorld" time="0.001" classname="com.qa.tests.OrderTest"/>
  <system-out/>
  <testcase name="AAWorld" time="0.001" classname="com.qa.tests.OrderTest"/>
  <system-out/>
  <testcase name="CCWorld" time="0.002" classname="com.qa.tests.OrderTest"/>
  <system-out/>
</testsuite> <!-- com.qa.tests.OrderTest -->
