<?xml version="1.0" encoding="UTF-8"?>
<!-- Generated by org.testng.reporters.JUnitReportReporter -->
<testsuite skipped="0" hostname="LAPTOP-PHQCGIDH" name="com.qa.pages.ComposeTest" tests="1" failures="0" timestamp="2021-08-07T21:18:31 IST" time="0.011" errors="0">
  <testcase name="startup" time="0.011" classname="com.qa.pages.ComposeTest"/>
  <system-out/>
</testsuite> <!-- com.qa.pages.ComposeTest -->
