<?xml version="1.0" encoding="UTF-8"?>
<!-- Generated by org.testng.reporters.JUnitReportReporter -->
<testsuite skipped="0" hostname="LAPTOP-PHQCGIDH" name="com.qa.tests.HomePageTest" tests="1" failures="0" timestamp="27 Jun 2021 11:33:58 GMT" time="12.452" errors="0">
  <testcase name="validateHomePageTitleTest" time="12.452" classname="com.qa.tests.HomePageTest"/>
</testsuite> <!-- com.qa.tests.HomePageTest -->
